2024-11-18T10:49:44.604-05:00  INFO 25796 --- [ExamenParcial] [main] t.E.ExamenParcialApplication             : Starting ExamenParcialApplication using Java 17.0.13 with PID 25796 (C:\Users\Bykal\OneDrive\Escritorio\TD2024\TDEP2024\ExamenParcial\target\classes started by Bykal in C:\Users\Bykal\OneDrive\Escritorio\TD2024\TDEP2024\ExamenParcial)
2024-11-18T10:49:44.611-05:00  INFO 25796 --- [ExamenParcial] [main] t.E.ExamenParcialApplication             : No active profile set, falling back to 1 default profile: "default"
2024-11-18T10:49:45.401-05:00  INFO 25796 --- [ExamenParcial] [main] .s.d.r.c.RepositoryConfigurationDelegate : Bootstrapping Spring Data JPA repositories in DEFAULT mode.
2024-11-18T10:49:45.462-05:00  INFO 25796 --- [ExamenParcial] [main] .s.d.r.c.RepositoryConfigurationDelegate : Finished Spring Data repository scanning in 53 ms. Found 1 JPA repository interface.
2024-11-18T10:49:46.097-05:00  INFO 25796 --- [ExamenParcial] [main] o.s.b.w.embedded.tomcat.TomcatWebServer  : Tomcat initialized with port 8081 (http)
2024-11-18T10:49:46.116-05:00  INFO 25796 --- [ExamenParcial] [main] o.apache.catalina.core.StandardService   : Starting service [Tomcat]
2024-11-18T10:49:46.118-05:00  INFO 25796 --- [ExamenParcial] [main] o.apache.catalina.core.StandardEngine    : Starting Servlet engine: [Apache Tomcat/10.1.31]
2024-11-18T10:49:46.196-05:00  INFO 25796 --- [ExamenParcial] [main] o.a.c.c.C.[Tomcat].[localhost].[/]       : Initializing Spring embedded WebApplicationContext
2024-11-18T10:49:46.196-05:00  INFO 25796 --- [ExamenParcial] [main] w.s.c.ServletWebServerApplicationContext : Root WebApplicationContext: initialization completed in 1510 ms
2024-11-18T10:49:46.361-05:00  INFO 25796 --- [ExamenParcial] [main] com.zaxxer.hikari.HikariDataSource       : HikariPool-1 - Starting...
2024-11-18T10:49:46.716-05:00  INFO 25796 --- [ExamenParcial] [main] com.zaxxer.hikari.pool.HikariPool        : HikariPool-1 - Added connection com.mysql.cj.jdbc.ConnectionImpl@447fa959
2024-11-18T10:49:46.718-05:00  INFO 25796 --- [ExamenParcial] [main] com.zaxxer.hikari.HikariDataSource       : HikariPool-1 - Start completed.
2024-11-18T10:49:46.765-05:00  INFO 25796 --- [ExamenParcial] [main] o.hibernate.jpa.internal.util.LogHelper  : HHH000204: Processing PersistenceUnitInfo [name: default]
2024-11-18T10:49:46.845-05:00  INFO 25796 --- [ExamenParcial] [main] org.hibernate.Version                    : HHH000412: Hibernate ORM core version 6.5.3.Final
2024-11-18T10:49:46.896-05:00  INFO 25796 --- [ExamenParcial] [main] o.h.c.internal.RegionFactoryInitiator    : HHH000026: Second-level cache disabled
2024-11-18T10:49:47.253-05:00  INFO 25796 --- [ExamenParcial] [main] o.s.o.j.p.SpringPersistenceUnitInfo      : No LoadTimeWeaver setup: ignoring JPA class transformer
2024-11-18T10:49:48.200-05:00  INFO 25796 --- [ExamenParcial] [main] o.h.e.t.j.p.i.JtaPlatformInitiator       : HHH000489: No JTA platform available (set 'hibernate.transaction.jta.platform' to enable JTA platform integration)
2024-11-18T10:49:48.205-05:00  INFO 25796 --- [ExamenParcial] [main] j.LocalContainerEntityManagerFactoryBean : Initialized JPA EntityManagerFactory for persistence unit 'default'
2024-11-18T10:49:48.445-05:00  WARN 25796 --- [ExamenParcial] [main] JpaBaseConfiguration$JpaWebConfiguration : spring.jpa.open-in-view is enabled by default. Therefore, database queries may be performed during view rendering. Explicitly configure spring.jpa.open-in-view to disable this warning
2024-11-18T10:49:48.779-05:00  INFO 25796 --- [ExamenParcial] [main] o.s.b.w.embedded.tomcat.TomcatWebServer  : Tomcat started on port 8081 (http) with context path '/'
2024-11-18T10:49:48.787-05:00  INFO 25796 --- [ExamenParcial] [main] t.E.ExamenParcialApplication             : Started ExamenParcialApplication in 4.718 seconds (process running for 5.45)
2024-11-18T10:50:11.544-05:00  INFO 25796 --- [ExamenParcial] [http-nio-8081-exec-2] o.a.c.c.C.[Tomcat].[localhost].[/]       : Initializing Spring DispatcherServlet 'dispatcherServlet'
2024-11-18T10:50:11.545-05:00  INFO 25796 --- [ExamenParcial] [http-nio-8081-exec-2] o.s.web.servlet.DispatcherServlet        : Initializing Servlet 'dispatcherServlet'
2024-11-18T10:50:11.547-05:00  INFO 25796 --- [ExamenParcial] [http-nio-8081-exec-2] o.s.web.servlet.DispatcherServlet        : Completed initialization in 0 ms
2024-11-18T11:02:17.718-05:00  INFO 29860 --- [ExamenParcial] [main] t.E.ExamenParcialApplication             : Starting ExamenParcialApplication using Java 17.0.13 with PID 29860 (C:\Users\Bykal\OneDrive\Escritorio\TD2024\TDEP2024\ExamenParcial\target\classes started by Bykal in C:\Users\Bykal\OneDrive\Escritorio\TD2024\TDEP2024\ExamenParcial)
2024-11-18T11:02:17.721-05:00  INFO 29860 --- [ExamenParcial] [main] t.E.ExamenParcialApplication             : No active profile set, falling back to 1 default profile: "default"
2024-11-18T11:02:18.577-05:00  INFO 29860 --- [ExamenParcial] [main] .s.d.r.c.RepositoryConfigurationDelegate : Bootstrapping Spring Data JPA repositories in DEFAULT mode.
2024-11-18T11:02:18.639-05:00  INFO 29860 --- [ExamenParcial] [main] .s.d.r.c.RepositoryConfigurationDelegate : Finished Spring Data repository scanning in 54 ms. Found 1 JPA repository interface.
2024-11-18T11:02:19.310-05:00  INFO 29860 --- [ExamenParcial] [main] o.s.b.w.embedded.tomcat.TomcatWebServer  : Tomcat initialized with port 8081 (http)
2024-11-18T11:02:19.334-05:00  INFO 29860 --- [ExamenParcial] [main] o.apache.catalina.core.StandardService   : Starting service [Tomcat]
2024-11-18T11:02:19.335-05:00  INFO 29860 --- [ExamenParcial] [main] o.apache.catalina.core.StandardEngine    : Starting Servlet engine: [Apache Tomcat/10.1.31]
2024-11-18T11:02:19.427-05:00  INFO 29860 --- [ExamenParcial] [main] o.a.c.c.C.[Tomcat].[localhost].[/]       : Initializing Spring embedded WebApplicationContext
2024-11-18T11:02:19.428-05:00  INFO 29860 --- [ExamenParcial] [main] w.s.c.ServletWebServerApplicationContext : Root WebApplicationContext: initialization completed in 1590 ms
2024-11-18T11:02:19.569-05:00  INFO 29860 --- [ExamenParcial] [main] com.zaxxer.hikari.HikariDataSource       : HikariPool-1 - Starting...
2024-11-18T11:02:19.929-05:00  INFO 29860 --- [ExamenParcial] [main] com.zaxxer.hikari.pool.HikariPool        : HikariPool-1 - Added connection com.mysql.cj.jdbc.ConnectionImpl@1e76afeb
2024-11-18T11:02:19.932-05:00  INFO 29860 --- [ExamenParcial] [main] com.zaxxer.hikari.HikariDataSource       : HikariPool-1 - Start completed.
2024-11-18T11:02:19.977-05:00  INFO 29860 --- [ExamenParcial] [main] o.hibernate.jpa.internal.util.LogHelper  : HHH000204: Processing PersistenceUnitInfo [name: default]
2024-11-18T11:02:20.060-05:00  INFO 29860 --- [ExamenParcial] [main] org.hibernate.Version                    : HHH000412: Hibernate ORM core version 6.5.3.Final
2024-11-18T11:02:20.109-05:00  INFO 29860 --- [ExamenParcial] [main] o.h.c.internal.RegionFactoryInitiator    : HHH000026: Second-level cache disabled
2024-11-18T11:02:20.458-05:00  INFO 29860 --- [ExamenParcial] [main] o.s.o.j.p.SpringPersistenceUnitInfo      : No LoadTimeWeaver setup: ignoring JPA class transformer
2024-11-18T11:02:21.411-05:00  INFO 29860 --- [ExamenParcial] [main] o.h.e.t.j.p.i.JtaPlatformInitiator       : HHH000489: No JTA platform available (set 'hibernate.transaction.jta.platform' to enable JTA platform integration)
2024-11-18T11:02:21.414-05:00  INFO 29860 --- [ExamenParcial] [main] j.LocalContainerEntityManagerFactoryBean : Initialized JPA EntityManagerFactory for persistence unit 'default'
2024-11-18T11:02:21.646-05:00  WARN 29860 --- [ExamenParcial] [main] JpaBaseConfiguration$JpaWebConfiguration : spring.jpa.open-in-view is enabled by default. Therefore, database queries may be performed during view rendering. Explicitly configure spring.jpa.open-in-view to disable this warning
2024-11-18T11:02:21.977-05:00  INFO 29860 --- [ExamenParcial] [main] o.s.b.w.embedded.tomcat.TomcatWebServer  : Tomcat started on port 8081 (http) with context path '/'
2024-11-18T11:02:21.983-05:00  INFO 29860 --- [ExamenParcial] [main] t.E.ExamenParcialApplication             : Started ExamenParcialApplication in 4.778 seconds (process running for 5.371)
2024-11-18T11:02:27.927-05:00  INFO 29860 --- [ExamenParcial] [http-nio-8081-exec-2] o.a.c.c.C.[Tomcat].[localhost].[/]       : Initializing Spring DispatcherServlet 'dispatcherServlet'
2024-11-18T11:02:27.928-05:00  INFO 29860 --- [ExamenParcial] [http-nio-8081-exec-2] o.s.web.servlet.DispatcherServlet        : Initializing Servlet 'dispatcherServlet'
2024-11-18T11:02:27.931-05:00  INFO 29860 --- [ExamenParcial] [http-nio-8081-exec-2] o.s.web.servlet.DispatcherServlet        : Completed initialization in 3 ms
